<?xml version="1.0" encoding="UTF-8"?>
<testsuite xmlns:xsi="http://www.w3.org/2001/XMLSchema-instance" xsi:noNamespaceSchemaLocation="https://maven.apache.org/surefire/maven-surefire-plugin/xsd/surefire-test-report-3.0.xsd" version="3.0" name="TestSuite" time="22.747" tests="1" errors="0" skipped="0" failures="0">
  <properties>
[...]
</properties>
  <testcase name="runScenario[&quot;Verify list of options in login button&quot;, &quot;login button options&quot;](1)" classname="runner.HomeRunner" time="17.054">
    <system-out><![CDATA[
@Loginf1
Scenario: Verify list of options in login button &amp#27;[90m# src/test/resources/appfeatures/LoginButtonOptions.feature:3&amp#27;[0m
  &amp#27;[32mGiven &amp#27;[0m&amp#27;[32muser at home page&amp#27;[0m                        &amp#27;[90m# steps.HomePage.user_at_home_page()&amp#27;[0m
  &amp#27;[32mWhen &amp#27;[0m&amp#27;[32muser scrolls on login button&amp#27;[0m              &amp#27;[90m# steps.LoginButtonOptions.user_scrolls_on_login_button()&amp#27;[0m
My Profile
Flipkart Plus Zone
Orders
Wishlist
Rewards
Gift Cards
  &amp#27;[32mThen &amp#27;[0m&amp#27;[32muser can see all six options&amp#27;[0m              &amp#27;[90m# steps.LoginButtonOptions.user_can_see_all_six_options(io.cucumber.datatable.DataTable)&amp#27;[0m
    | My Profile         |
    | Flipkart Plus Zone |
    | Orders             |
    | Wishlist           |
    | Rewards            |
    | Gift Cards         |
]]></system-out>
    <system-err><![CDATA[SLF4J: Failed to load class "org.slf4j.impl.StaticLoggerBinder".
SLF4J: Defaulting to no-operation (NOP) logger implementation
SLF4J: See http://www.slf4j.org/codes.html#StaticLoggerBinder for further details.
Jun 23, 2024 3:58:49 PM org.openqa.selenium.devtools.CdpVersionFinder findNearestMatch
WARNING: Unable to find CDP implementation matching 126
Jun 23, 2024 3:58:49 PM org.openqa.selenium.chromium.ChromiumDriver lambda$new$5
WARNING: Unable to find version of CDP to use for 126.0.6478.114. You may need to include a dependency on a specific version of the CDP using something similar to `org.seleniumhq.selenium:selenium-devtools-v86:4.15.0` where the version ("v86") matches the version of the chromium-based browser you're using and the version number of the artifact is the same as Selenium's.
]]></system-err>
  </testcase>
</testsuite>