<?xml version="1.0" encoding="UTF-8"?>
<testng-results ignored="0" total="0" passed="0" failed="0" skipped="0">
  <reporter-output>
  </reporter-output>
  <suite started-at="2024-06-23T14:10:20 IST" name="Suite" finished-at="2024-06-23T14:10:36 IST" duration-ms="15615">
    <groups>
      <group name="cucumber">
        <method signature="AbstractTestNGCucumberTests.runScenario(io.cucumber.testng.PickleWrapper,io.cucumber.testng.FeatureWrapper)[pri:0, instance:runner.HomeRunner@4241e0f4]" name="runScenario" class="io.cucumber.testng.AbstractTestNGCucumberTests"/>
      </group> <!-- cucumber -->
    </groups>
    <test started-at="2024-06-23T14:10:20 IST" name="Test" finished-at="2024-06-23T14:10:36 IST" duration-ms="15615">
      <class name="runner.HomeRunner">
        <test-method is-config="true" signature="setUpClass(org.testng.ITestContext)[pri:0, instance:runner.HomeRunner@4241e0f4]" started-at="2024-06-23T14:10:20 IST" name="setUpClass" finished-at="2024-06-23T14:10:22 IST" duration-ms="1700" status="PASS">
          <params>
            <param index="0">
              <value>
                <![CDATA[org.testng.TestRunner@2f61d591]]>
              </value>
            </param>
          </params>
          <reporter-output>
          </reporter-output>
        </test-method> <!-- setUpClass -->
        <test-method is-config="true" signature="tearDownClass()[pri:0, instance:runner.HomeRunner@4241e0f4]" started-at="2024-06-23T14:10:22 IST" name="tearDownClass" finished-at="2024-06-23T14:10:36 IST" duration-ms="13804" status="PASS">
          <reporter-output>
          </reporter-output>
        </test-method> <!-- tearDownClass -->
      </class> <!-- runner.HomeRunner -->
    </test> <!-- Test -->
  </suite> <!-- Suite -->
</testng-results>
