<?xml version="1.0" encoding="UTF-8"?>
<testsuite xmlns:xsi="http://www.w3.org/2001/XMLSchema-instance" xsi:noNamespaceSchemaLocation="https://maven.apache.org/surefire/maven-surefire-plugin/xsd/surefire-test-report-3.0.xsd" version="3.0" name="TestSuite" time="46.687" tests="1" errors="0" skipped="0" failures="1">
  <properties>
[...]
</properties>
  <testcase name="runScenario[&quot;user filter product by brand and prize&quot;, &quot;Filter product by catagory&quot;](1)" classname="runner.HomeRunner" time="40.609">
    <failure message="expected [true] but found [false]" type="java.lang.AssertionError"><![CDATA[java.lang.AssertionError: expected [true] but found [false]
	at org.testng.Assert.fail(Assert.java:110)
	at org.testng.Assert.failNotEquals(Assert.java:1577)
	at org.testng.Assert.assertTrue(Assert.java:56)
	at org.testng.Assert.assertTrue(Assert.java:66)
	at steps.FilterProductByCatagory.validate_oprions_showing_are_of_and(FilterProductByCatagory.java:43)
	at ✽.validate oprions showing are of "SAMSUNG" and "REDMI"(file:///C:/Users/Admin/eclipse-workspace/FlipKartProject/src/test/resources/appfeatures/filterProductByCatagory.feature:9)
]]></failure>
    <system-out><![CDATA[
@filter
Scenario: user filter product by brand and prize                    &amp#27;[90m# src/test/resources/appfeatures/filterProductByCatagory.feature:3&amp#27;[0m
  &amp#27;[32mGiven &amp#27;[0m&amp#27;[32muser at home page&amp#27;[0m                                           &amp#27;[90m# steps.HomePage.user_at_home_page()&amp#27;[0m
  &amp#27;[32mWhen &amp#27;[0m&amp#27;[32muser search for &amp#27;[0m&amp#27;[32m&amp#27;[1m"mobile"&amp#27;[0m                                     &amp#27;[90m# steps.FilterProductByCatagory.user_search_for_mobile(java.lang.String)&amp#27;[0m
  &amp#27;[32mAnd &amp#27;[0m&amp#27;[32muser select brand &amp#27;[0m&amp#27;[32m&amp#27;[1m"SAMSUNG"&amp#27;[0m&amp#27;[32m and &amp#27;[0m&amp#27;[32m&amp#27;[1m"REDMI"&amp#27;[0m&amp#27;[32m from the brand filter&amp#27;[0m &amp#27;[90m# steps.FilterProductByCatagory.user_select_brand_and_from_the_brand_filter(java.lang.String,java.lang.String)&amp#27;[0m
  &amp#27;[32mAnd &amp#27;[0m&amp#27;[32muser selects price range from &amp#27;[0m&amp#27;[32m&amp#27;[1m15000&amp#27;[0m&amp#27;[32m to &amp#27;[0m&amp#27;[32m&amp#27;[1m30000&amp#27;[0m                  &amp#27;[90m# steps.FilterProductByCatagory.user_selects_price_range_from_to(java.lang.Integer,java.lang.Integer)&amp#27;[0m
org.openqa.selenium.StaleElementReferenceException: stale element reference: stale element not found in the current frame
  (Session info: chrome=125.0.6422.144)
For documentation on this error, please visit: https://www.selenium.dev/documentation/webdriver/troubleshooting/errors#stale-element-reference-exception
Build info: version: '4.15.0', revision: '1d14b5521b'
System info: os.name: 'Windows 10', os.arch: 'amd64', os.version: '10.0', java.version: '17.0.7'
Driver info: org.openqa.selenium.chrome.ChromeDriver
Command: [b92cde1dfc8d8dfc5fda9f6e3cf13c91, isElementDisplayed {id=f.EF29940CACA74491EE3A4874DF582CF2.d.EF622E02607B1D4E72DA9F796541F576.e.536}]
Capabilities {acceptInsecureCerts: false, browserName: chrome, browserVersion: 125.0.6422.144, chrome: {chromedriverVersion: 125.0.6422.141 (4b1e8393712..., userDataDir: C:\Users\Admin\AppData\Loca...}, fedcm:accounts: true, goog:chromeOptions: {debuggerAddress: localhost:52384}, networkConnectionEnabled: false, pageLoadStrategy: normal, platformName: windows, proxy: Proxy(), se:cdp: ws://localhost:52384/devtoo..., se:cdpVersion: 125.0.6422.144, setWindowRect: true, strictFileInteractability: false, timeouts: {implicit: 0, pageLoad: 300000, script: 30000}, unhandledPromptBehavior: dismiss and notify, webauthn:extension:credBlob: true, webauthn:extension:largeBlob: true, webauthn:extension:minPinLength: true, webauthn:extension:prf: true, webauthn:virtualAuthenticators: true}
Element: [[ChromeDriver: chrome on windows (b92cde1dfc8d8dfc5fda9f6e3cf13c91)] -> xpath: //*[@class='KzDlHZ']]
Session ID: b92cde1dfc8d8dfc5fda9f6e3cf13c91
  &amp#27;[31mThen &amp#27;[0m&amp#27;[31mvalidate oprions showing are of &amp#27;[0m&amp#27;[31m&amp#27;[1m"SAMSUNG"&amp#27;[0m&amp#27;[31m and &amp#27;[0m&amp#27;[31m&amp#27;[1m"REDMI"&amp#27;[0m        &amp#27;[90m# steps.FilterProductByCatagory.validate_oprions_showing_are_of_and(java.lang.String,java.lang.String)&amp#27;[0m
      &amp#27;[31mjava.lang.AssertionError: expected [true] but found [false]
	at org.testng.Assert.fail(Assert.java:110)
	at org.testng.Assert.failNotEquals(Assert.java:1577)
	at org.testng.Assert.assertTrue(Assert.java:56)
	at org.testng.Assert.assertTrue(Assert.java:66)
	at steps.FilterProductByCatagory.validate_oprions_showing_are_of_and(FilterProductByCatagory.java:43)
	at âœ½.validate oprions showing are of "SAMSUNG" and "REDMI"(file:///C:/Users/Admin/eclipse-workspace/FlipKartProject/src/test/resources/appfeatures/filterProductByCatagory.feature:9)
&amp#27;[0m

    Embedding user filter product by brand and prize [image/png 185945 bytes]

]]></system-out>
    <system-err><![CDATA[SLF4J: Failed to load class "org.slf4j.impl.StaticLoggerBinder".
SLF4J: Defaulting to no-operation (NOP) logger implementation
SLF4J: See http://www.slf4j.org/codes.html#StaticLoggerBinder for further details.
Jun 13, 2024 11:46:24 AM org.openqa.selenium.devtools.CdpVersionFinder findNearestMatch
WARNING: Unable to find CDP implementation matching 125
Jun 13, 2024 11:46:24 AM org.openqa.selenium.chromium.ChromiumDriver lambda$new$5
WARNING: Unable to find version of CDP to use for 125.0.6422.144. You may need to include a dependency on a specific version of the CDP using something similar to `org.seleniumhq.selenium:selenium-devtools-v86:4.15.0` where the version ("v86") matches the version of the chromium-based browser you're using and the version number of the artifact is the same as Selenium's.
]]></system-err>
  </testcase>
</testsuite>