<?xml version="1.0" encoding="UTF-8"?>
<testng-results ignored="0" total="1" passed="1" failed="0" skipped="0">
  <reporter-output>
  </reporter-output>
  <suite started-at="2024-06-23T15:58:43 IST" name="Suite" finished-at="2024-06-23T15:59:04 IST" duration-ms="21361">
    <groups>
      <group name="cucumber">
        <method signature="AbstractTestNGCucumberTests.runScenario(io.cucumber.testng.PickleWrapper,io.cucumber.testng.FeatureWrapper)[pri:0, instance:runner.HomeRunner@4241e0f4]" name="runScenario" class="io.cucumber.testng.AbstractTestNGCucumberTests"/>
      </group> <!-- cucumber -->
    </groups>
    <test started-at="2024-06-23T15:58:43 IST" name="Test" finished-at="2024-06-23T15:59:04 IST" duration-ms="21361">
      <class name="runner.HomeRunner">
        <test-method is-config="true" signature="setUpClass(org.testng.ITestContext)[pri:0, instance:runner.HomeRunner@4241e0f4]" started-at="2024-06-23T15:58:43 IST" name="setUpClass" finished-at="2024-06-23T15:58:44 IST" duration-ms="1036" status="PASS">
          <params>
            <param index="0">
              <value>
                <![CDATA[org.testng.TestRunner@7b25ab31]]>
              </value>
            </param>
          </params>
          <reporter-output>
          </reporter-output>
        </test-method> <!-- setUpClass -->
        <test-method signature="runScenario(io.cucumber.testng.PickleWrapper,io.cucumber.testng.FeatureWrapper)[pri:0, instance:runner.HomeRunner@4241e0f4]" started-at="2024-06-23T15:58:44 IST" name="runScenario" description="Runs Cucumber Scenarios" data-provider="scenarios" finished-at="2024-06-23T15:59:01 IST" duration-ms="16928" status="PASS">
          <params>
            <param index="0">
              <value>
                <![CDATA["Verify list of options in login button"]]>
              </value>
            </param>
            <param index="1">
              <value>
                <![CDATA["login button options"]]>
              </value>
            </param>
          </params>
          <reporter-output>
          </reporter-output>
        </test-method> <!-- runScenario -->
        <test-method is-config="true" signature="tearDownClass()[pri:0, instance:runner.HomeRunner@4241e0f4]" started-at="2024-06-23T15:59:01 IST" name="tearDownClass" finished-at="2024-06-23T15:59:04 IST" duration-ms="3147" status="PASS">
          <reporter-output>
          </reporter-output>
        </test-method> <!-- tearDownClass -->
      </class> <!-- runner.HomeRunner -->
    </test> <!-- Test -->
  </suite> <!-- Suite -->
</testng-results>
