<?xml version="1.0" encoding="UTF-8"?>
<testng-results ignored="0" total="1" passed="1" failed="0" skipped="0">
  <reporter-output>
  </reporter-output>
  <suite started-at="2024-06-14T14:57:46 IST" name="Default suite" finished-at="2024-06-14T14:58:36 IST" duration-ms="50558">
    <groups>
      <group name="cucumber">
        <method signature="AbstractTestNGCucumberTests.runScenario(io.cucumber.testng.PickleWrapper,io.cucumber.testng.FeatureWrapper)[pri:0, instance:runner.HomeRunner@73cd37c0]" name="runScenario" class="io.cucumber.testng.AbstractTestNGCucumberTests"/>
      </group> <!-- cucumber -->
    </groups>
    <test started-at="2024-06-14T14:57:46 IST" name="Default test" finished-at="2024-06-14T14:58:36 IST" duration-ms="50558">
      <class name="runner.HomeRunner">
        <test-method is-config="true" signature="setUpClass(org.testng.ITestContext)[pri:0, instance:runner.HomeRunner@73cd37c0]" started-at="2024-06-14T14:57:46 IST" name="setUpClass" finished-at="2024-06-14T14:57:47 IST" duration-ms="1140" status="PASS">
          <params>
            <param index="0">
              <value>
                <![CDATA[org.testng.TestRunner@1ac6dd3d]]>
              </value>
            </param>
          </params>
          <reporter-output>
          </reporter-output>
        </test-method> <!-- setUpClass -->
        <test-method signature="runScenario(io.cucumber.testng.PickleWrapper,io.cucumber.testng.FeatureWrapper)[pri:0, instance:runner.HomeRunner@73cd37c0]" started-at="2024-06-14T14:57:47 IST" name="runScenario" description="Runs Cucumber Scenarios" data-provider="scenarios" finished-at="2024-06-14T14:58:33 IST" duration-ms="46403" status="PASS">
          <params>
            <param index="0">
              <value>
                <![CDATA["user filter product by brand and prize"]]>
              </value>
            </param>
            <param index="1">
              <value>
                <![CDATA["Filter product by catagory"]]>
              </value>
            </param>
          </params>
          <reporter-output>
          </reporter-output>
        </test-method> <!-- runScenario -->
        <test-method is-config="true" signature="tearDownClass()[pri:0, instance:runner.HomeRunner@73cd37c0]" started-at="2024-06-14T14:58:33 IST" name="tearDownClass" finished-at="2024-06-14T14:58:36 IST" duration-ms="2808" status="PASS">
          <reporter-output>
          </reporter-output>
        </test-method> <!-- tearDownClass -->
      </class> <!-- runner.HomeRunner -->
    </test> <!-- Default test -->
  </suite> <!-- Default suite -->
</testng-results>
