<?xml version="1.0" encoding="UTF-8"?>
<testng-results ignored="0" total="0" passed="0" failed="0" skipped="0">
  <reporter-output>
  </reporter-output>
  <suite started-at="2024-06-23T15:55:33 IST" name="Default suite" finished-at="2024-06-23T15:55:37 IST" duration-ms="3659">
    <groups>
      <group name="cucumber">
        <method signature="AbstractTestNGCucumberTests.runScenario(io.cucumber.testng.PickleWrapper,io.cucumber.testng.FeatureWrapper)[pri:0, instance:runner.HomeRunner@27eedb64]" name="runScenario" class="io.cucumber.testng.AbstractTestNGCucumberTests"/>
      </group> <!-- cucumber -->
    </groups>
    <test started-at="2024-06-23T15:55:33 IST" name="Default test" finished-at="2024-06-23T15:55:37 IST" duration-ms="3659">
      <class name="runner.HomeRunner">
        <test-method is-config="true" signature="setUpClass(org.testng.ITestContext)[pri:0, instance:runner.HomeRunner@27eedb64]" started-at="2024-06-23T15:55:33 IST" name="setUpClass" finished-at="2024-06-23T15:55:34 IST" duration-ms="982" status="PASS">
          <params>
            <param index="0">
              <value>
                <![CDATA[org.testng.TestRunner@36061cf3]]>
              </value>
            </param>
          </params>
          <reporter-output>
          </reporter-output>
        </test-method> <!-- setUpClass -->
        <test-method is-config="true" signature="tearDownClass()[pri:0, instance:runner.HomeRunner@27eedb64]" started-at="2024-06-23T15:55:34 IST" name="tearDownClass" finished-at="2024-06-23T15:55:37 IST" duration-ms="2618" status="PASS">
          <reporter-output>
          </reporter-output>
        </test-method> <!-- tearDownClass -->
      </class> <!-- runner.HomeRunner -->
    </test> <!-- Default test -->
  </suite> <!-- Default suite -->
</testng-results>
