<?xml version="1.0" encoding="UTF-8"?>
<!-- Generated by org.testng.reporters.JUnitReportReporter -->
<testsuite hostname="DESKTOP-4AEREPT" failures="1" tests="1" name="runner.HomeRunner" time="40.514" errors="0" timestamp="2024-06-13T11:47:05 IST" skipped="0">
  <testcase classname="runner.HomeRunner" name="runScenario" time="40.514">
    <failure message="expected [true] but found [false]" type="java.lang.AssertionError">
      <![CDATA[java.lang.AssertionError: expected [true] but found [false]
at org.testng.Assert.fail(Assert.java:110)
at org.testng.Assert.failNotEquals(Assert.java:1577)
at org.testng.Assert.assertTrue(Assert.java:56)
at org.testng.Assert.assertTrue(Assert.java:66)
at steps.FilterProductByCatagory.validate_oprions_showing_are_of_and(FilterProductByCatagory.java:43)
at ✽.validate oprions showing are of "SAMSUNG" and "REDMI"(file:///C:/Users/Admin/eclipse-workspace/FlipKartProject/src/test/resources/appfeatures/filterProductByCatagory.feature:9)
]]>
    </failure>
  </testcase> <!-- runScenario -->
  <system-out/>
</testsuite> <!-- runner.HomeRunner -->
